<?xml version="1.0" encoding="UTF-8"?>
<!-- Generated by org.testng.reporters.JUnitReportReporter -->
<testsuite hostname="DESKTOP-L9361S2" failures="0" tests="5" name="Test.OrangeHRMTest" time="12.030" errors="0" timestamp="2025-03-21T21:29:28 IST" skipped="0">
  <testcase classname="Test.OrangeHRMTest" name="Logintest" time="2.382"/>
  <testcase classname="Test.OrangeHRMTest" name="DeshbordAssert" time="0.590"/>
  <testcase classname="Test.OrangeHRMTest" name="Hometest" time="4.049"/>
  <testcase classname="Test.OrangeHRMTest" name="AddCustomerM" time="1.346"/>
  <testcase classname="Test.OrangeHRMTest" name="ProjectM" time="3.663"/>
</testsuite> <!-- Test.OrangeHRMTest -->
